# JRE version: Java(TM) SE Runtime Environment (18.0.1.1+2) (build 18.0.1.1+2-6)
# Java VM: Java HotSpot(TM) 64-Bit Server VM (18.0.1.1+2-6, mixed mode, sharing, tiered, compressed oops, compressed class ptrs, g1 gc, windows-amd64)
GC Precious Log:
 CardTable entry size: 512
 Card Set container configuration: InlinePtr #cards 4 size 8 Array Of Cards #cards 16 size 48 Howl #buckets 8 coarsen threshold 3686 Howl Bitmap #cards 512 size 80 coarsen threshold 460 Card regions per heap region 1 cards per card region 4096
 CPUs: 8 total, 8 available
 Memory: 16340M
 Large Page Support: Disabled
 NUMA Support: Disabled
 Compressed Oops: Enabled (Zero based)
 Heap Region Size: 2M
 Heap Min Capacity: 8M
 Heap Initial Capacity: 256M
 Heap Max Capacity: 4086M
 Pre-touch: Disabled
 Parallel Workers: 8
 Concurrent Workers: 2
 Concurrent Refinement Workers: 8
 Periodic GC: Disabled
Heap:
 garbage-first heap   total 204800K, used 119091K [0x0000000700a00000, 0x0000000800000000)
  region size 2048K, 11 young (22528K), 5 survivors (10240K)
 Metaspace       used 67671K, committed 68480K, reserved 1114112K
  class space    used 7463K, committed 7872K, reserved 1048576K
GC Heap History (20 events):
Event: 14.212 GC heap before
{Heap before GC invocations=13 (full 0):
 garbage-first heap   total 102400K, used 77345K [0x0000000700a00000, 0x0000000800000000)
  region size 2048K, 18 young (36864K), 3 survivors (6144K)
 Metaspace       used 51562K, committed 52416K, reserved 1114112K
  class space    used 6150K, committed 6592K, reserved 1048576K
}
Event: 14.232 GC heap after
{Heap after GC invocations=14 (full 0):
 garbage-first heap   total 102400K, used 52270K [0x0000000700a00000, 0x0000000800000000)
  region size 2048K, 3 young (6144K), 3 survivors (6144K)
 Metaspace       used 51562K, committed 52416K, reserved 1114112K
  class space    used 6150K, committed 6592K, reserved 1048576K
}
Event: 14.636 GC heap before
{Heap before GC invocations=14 (full 0):
 garbage-first heap   total 102400K, used 78894K [0x0000000700a00000, 0x0000000800000000)
  region size 2048K, 16 young (32768K), 3 survivors (6144K)
 Metaspace       used 52223K, committed 53056K, reserved 1114112K
  class space    used 6232K, committed 6656K, reserved 1048576K
}
Event: 14.656 GC heap after
{Heap after GC invocations=15 (full 0):
 garbage-first heap   total 102400K, used 56756K [0x0000000700a00000, 0x0000000800000000)
  region size 2048K, 2 young (4096K), 2 survivors (4096K)
 Metaspace       used 52223K, committed 53056K, reserved 1114112K
  class space    used 6232K, committed 6656K, reserved 1048576K
}
Event: 14.923 GC heap before
{Heap before GC invocations=16 (full 0):
 garbage-first heap   total 102400K, used 79284K [0x0000000700a00000, 0x0000000800000000)
  region size 2048K, 13 young (26624K), 2 survivors (4096K)
 Metaspace       used 52810K, committed 53632K, reserved 1114112K
  class space    used 6308K, committed 6720K, reserved 1048576K
}
Event: 14.938 GC heap after
{Heap after GC invocations=17 (full 0):
 garbage-first heap   total 102400K, used 61440K [0x0000000700a00000, 0x0000000800000000)
  region size 2048K, 2 young (4096K), 2 survivors (4096K)
 Metaspace       used 52810K, committed 53632K, reserved 1114112K
  class space    used 6308K, committed 6720K, reserved 1048576K
}
Event: 14.951 GC heap before
{Heap before GC invocations=17 (full 0):
 garbage-first heap   total 102400K, used 63488K [0x0000000700a00000, 0x0000000800000000)
  region size 2048K, 3 young (6144K), 2 survivors (4096K)
 Metaspace       used 52810K, committed 53632K, reserved 1114112K
  class space    used 6308K, committed 6720K, reserved 1048576K
}
Event: 14.963 GC heap after
{Heap after GC invocations=18 (full 0):
 garbage-first heap   total 204800K, used 61921K [0x0000000700a00000, 0x0000000800000000)
  region size 2048K, 1 young (2048K), 1 survivors (2048K)
 Metaspace       used 52810K, committed 53632K, reserved 1114112K
  class space    used 6308K, committed 6720K, reserved 1048576K
}
Event: 15.928 GC heap before
{Heap before GC invocations=18 (full 0):
 garbage-first heap   total 204800K, used 145889K [0x0000000700a00000, 0x0000000800000000)
  region size 2048K, 42 young (86016K), 1 survivors (2048K)
 Metaspace       used 54727K, committed 55552K, reserved 1114112K
  class space    used 6485K, committed 6912K, reserved 1048576K
}
Event: 15.935 GC heap after
{Heap after GC invocations=19 (full 0):
 garbage-first heap   total 204800K, used 66587K [0x0000000700a00000, 0x0000000800000000)
  region size 2048K, 3 young (6144K), 3 survivors (6144K)
 Metaspace       used 54727K, committed 55552K, reserved 1114112K
  class space    used 6485K, committed 6912K, reserved 1048576K
}
Event: 18.450 GC heap before
{Heap before GC invocations=19 (full 0):
 garbage-first heap   total 204800K, used 148507K [0x0000000700a00000, 0x0000000800000000)
  region size 2048K, 43 young (88064K), 3 survivors (6144K)
 Metaspace       used 59538K, committed 60352K, reserved 1114112K
  class space    used 6873K, committed 7296K, reserved 1048576K
}
Event: 18.470 GC heap after
{Heap after GC invocations=20 (full 0):
 garbage-first heap   total 204800K, used 76404K [0x0000000700a00000, 0x0000000800000000)
  region size 2048K, 6 young (12288K), 6 survivors (12288K)
 Metaspace       used 59538K, committed 60352K, reserved 1114112K
  class space    used 6873K, committed 7296K, reserved 1048576K
}
Event: 20.824 GC heap before
{Heap before GC invocations=20 (full 0):
 garbage-first heap   total 204800K, used 154228K [0x0000000700a00000, 0x0000000800000000)
  region size 2048K, 43 young (88064K), 6 survivors (12288K)
 Metaspace       used 60454K, committed 61248K, reserved 1114112K
  class space    used 6892K, committed 7296K, reserved 1048576K
}
Event: 20.848 GC heap after
{Heap after GC invocations=21 (full 0):
 garbage-first heap   total 204800K, used 86351K [0x0000000700a00000, 0x0000000800000000)
  region size 2048K, 4 young (8192K), 4 survivors (8192K)
 Metaspace       used 60454K, committed 61248K, reserved 1114112K
  class space    used 6892K, committed 7296K, reserved 1048576K
}
Event: 22.424 GC heap before
{Heap before GC invocations=21 (full 0):
 garbage-first heap   total 204800K, used 158031K [0x0000000700a00000, 0x0000000800000000)
  region size 2048K, 39 young (79872K), 4 survivors (8192K)
 Metaspace       used 62179K, committed 62976K, reserved 1114112K
  class space    used 6996K, committed 7424K, reserved 1048576K
}
Event: 22.434 GC heap after
{Heap after GC invocations=22 (full 0):
 garbage-first heap   total 204800K, used 89830K [0x0000000700a00000, 0x0000000800000000)
  region size 2048K, 2 young (4096K), 2 survivors (4096K)
 Metaspace       used 62179K, committed 62976K, reserved 1114112K
  class space    used 6996K, committed 7424K, reserved 1048576K
}
Event: 23.744 GC heap before
{Heap before GC invocations=22 (full 0):
 garbage-first heap   total 204800K, used 163558K [0x0000000700a00000, 0x0000000800000000)
  region size 2048K, 38 young (77824K), 2 survivors (4096K)
 Metaspace       used 67362K, committed 68160K, reserved 1114112K
  class space    used 7453K, committed 7872K, reserved 1048576K
}
Event: 23.758 GC heap after
{Heap after GC invocations=23 (full 0):
 garbage-first heap   total 204800K, used 98662K [0x0000000700a00000, 0x0000000800000000)
  region size 2048K, 5 young (10240K), 5 survivors (10240K)
 Metaspace       used 67362K, committed 68160K, reserved 1114112K
  class space    used 7453K, committed 7872K, reserved 1048576K
}
Event: 24.489 GC heap before
{Heap before GC invocations=23 (full 0):
 garbage-first heap   total 204800K, used 162150K [0x0000000700a00000, 0x0000000800000000)
  region size 2048K, 36 young (73728K), 5 survivors (10240K)
 Metaspace       used 67648K, committed 68416K, reserved 1114112K
  class space    used 7462K, committed 7872K, reserved 1048576K
}
Event: 24.508 GC heap after
{Heap after GC invocations=24 (full 0):
 garbage-first heap   total 204800K, used 108851K [0x0000000700a00000, 0x0000000800000000)
  region size 2048K, 5 young (10240K), 5 survivors (10240K)
 Metaspace       used 67648K, committed 68416K, reserved 1114112K
  class space    used 7462K, committed 7872K, reserved 1048576K
}

